  [1m[35mSQL (0.0ms)[0m  [1m[35mSET search_path TO public /*application='TutorInsights'*/[0m
  [1m[35m (131.0ms)[0m  [1m[35mCREATE DATABASE "tutor_insights_development" ENCODING = 'unicode' /*application='TutorInsights'*/[0m
  [1m[35mSQL (0.0ms)[0m  [1m[35mSET search_path TO public /*application='TutorInsights'*/[0m
  [1m[35m (46.3ms)[0m  [1m[35mCREATE DATABASE "tutor_insights_test" ENCODING = 'unicode' /*application='TutorInsights'*/[0m
  [1m[35m (2.0ms)[0m  [1m[35mCREATE TABLE "schema_migrations" ("version" character varying NOT NULL PRIMARY KEY) /*application='TutorInsights'*/[0m
  [1m[35m (0.9ms)[0m  [1m[35mCREATE TABLE "ar_internal_metadata" ("key" character varying NOT NULL PRIMARY KEY, "value" character varying, "created_at" timestamp(6) NOT NULL, "updated_at" timestamp(6) NOT NULL) /*application='TutorInsights'*/[0m
  [1m[35m (0.0ms)[0m  [1m[34mSELECT pg_try_advisory_lock(5566294069690052160) /*application='TutorInsights'*/[0m
  [1m[36mActiveRecord::SchemaMigration Load (0.2ms)[0m  [1m[34mSELECT "schema_migrations"."version" FROM "schema_migrations" ORDER BY "schema_migrations"."version" ASC /*application='TutorInsights'*/[0m
  [1m[36mActiveRecord::InternalMetadata Load (0.4ms)[0m  [1m[34mSELECT * FROM "ar_internal_metadata" WHERE "ar_internal_metadata"."key" = 'environment' ORDER BY "ar_internal_metadata"."key" ASC LIMIT 1 /*application='TutorInsights'*/[0m
  [1m[36mActiveRecord::InternalMetadata Create (0.4ms)[0m  [1m[32mINSERT INTO "ar_internal_metadata" ("key", "value", "created_at", "updated_at") VALUES ('environment', 'development', '2025-11-05 06:58:00.348727', '2025-11-05 06:58:00.348729') RETURNING "key" /*application='TutorInsights'*/[0m
  [1m[35m (0.1ms)[0m  [1m[34mSELECT pg_advisory_unlock(5566294069690052160) /*application='TutorInsights'*/[0m
  [1m[36mActiveRecord::SchemaMigration Load (0.1ms)[0m  [1m[34mSELECT "schema_migrations"."version" FROM "schema_migrations" ORDER BY "schema_migrations"."version" ASC /*application='TutorInsights'*/[0m
  [1m[35m (0.0ms)[0m  [1m[34mSELECT pg_try_advisory_lock(5566294069690052160) /*application='TutorInsights'*/[0m
  [1m[36mActiveRecord::SchemaMigration Load (0.2ms)[0m  [1m[34mSELECT "schema_migrations"."version" FROM "schema_migrations" ORDER BY "schema_migrations"."version" ASC /*application='TutorInsights'*/[0m
  [1m[36mActiveRecord::InternalMetadata Load (0.2ms)[0m  [1m[34mSELECT * FROM "ar_internal_metadata" WHERE "ar_internal_metadata"."key" = 'environment' ORDER BY "ar_internal_metadata"."key" ASC LIMIT 1 /*application='TutorInsights'*/[0m
Migrating to CreateTutors (20251105070618)
  [1m[36mTRANSACTION (0.0ms)[0m  [1m[35mBEGIN /*application='TutorInsights'*/[0m
  [1m[35m (1.9ms)[0m  [1m[35mCREATE TABLE "tutors" ("id" bigserial primary key, "name" character varying, "email" character varying, "created_at" timestamp(6) NOT NULL, "updated_at" timestamp(6) NOT NULL) /*application='TutorInsights'*/[0m
  [1m[36mActiveRecord::SchemaMigration Create (0.1ms)[0m  [1m[32mINSERT INTO "schema_migrations" ("version") VALUES ('20251105070618') RETURNING "version" /*application='TutorInsights'*/[0m
  [1m[36mTRANSACTION (0.1ms)[0m  [1m[35mCOMMIT /*application='TutorInsights'*/[0m
  [1m[35m (0.1ms)[0m  [1m[34mSELECT pg_advisory_unlock(5566294069690052160) /*application='TutorInsights'*/[0m
  [1m[36mActiveRecord::SchemaMigration Load (0.0ms)[0m  [1m[34mSELECT "schema_migrations"."version" FROM "schema_migrations" ORDER BY "schema_migrations"."version" ASC /*application='TutorInsights'*/[0m
  [1m[35m (0.0ms)[0m  [1m[34mSELECT pg_try_advisory_lock(5566294069690052160) /*application='TutorInsights'*/[0m
  [1m[36mActiveRecord::SchemaMigration Load (0.2ms)[0m  [1m[34mSELECT "schema_migrations"."version" FROM "schema_migrations" ORDER BY "schema_migrations"."version" ASC /*application='TutorInsights'*/[0m
  [1m[36mActiveRecord::InternalMetadata Load (0.2ms)[0m  [1m[34mSELECT * FROM "ar_internal_metadata" WHERE "ar_internal_metadata"."key" = 'environment' ORDER BY "ar_internal_metadata"."key" ASC LIMIT 1 /*application='TutorInsights'*/[0m
Migrating to CreateStudents (20251105070729)
  [1m[36mTRANSACTION (0.1ms)[0m  [1m[35mBEGIN /*application='TutorInsights'*/[0m
  [1m[35m (1.7ms)[0m  [1m[35mCREATE TABLE "students" ("id" bigserial primary key, "name" character varying, "email" character varying, "created_at" timestamp(6) NOT NULL, "updated_at" timestamp(6) NOT NULL) /*application='TutorInsights'*/[0m
  [1m[36mActiveRecord::SchemaMigration Create (0.1ms)[0m  [1m[32mINSERT INTO "schema_migrations" ("version") VALUES ('20251105070729') RETURNING "version" /*application='TutorInsights'*/[0m
  [1m[36mTRANSACTION (0.1ms)[0m  [1m[35mCOMMIT /*application='TutorInsights'*/[0m
  [1m[35m (0.1ms)[0m  [1m[34mSELECT pg_advisory_unlock(5566294069690052160) /*application='TutorInsights'*/[0m
  [1m[36mActiveRecord::SchemaMigration Load (0.0ms)[0m  [1m[34mSELECT "schema_migrations"."version" FROM "schema_migrations" ORDER BY "schema_migrations"."version" ASC /*application='TutorInsights'*/[0m
  [1m[35m (0.1ms)[0m  [1m[34mSELECT pg_try_advisory_lock(5566294069690052160) /*application='TutorInsights'*/[0m
  [1m[36mActiveRecord::SchemaMigration Load (0.2ms)[0m  [1m[34mSELECT "schema_migrations"."version" FROM "schema_migrations" ORDER BY "schema_migrations"."version" ASC /*application='TutorInsights'*/[0m
  [1m[36mActiveRecord::InternalMetadata Load (0.2ms)[0m  [1m[34mSELECT * FROM "ar_internal_metadata" WHERE "ar_internal_metadata"."key" = 'environment' ORDER BY "ar_internal_metadata"."key" ASC LIMIT 1 /*application='TutorInsights'*/[0m
Migrating to CreateSessions (20251105071010)
  [1m[36mTRANSACTION (0.0ms)[0m  [1m[35mBEGIN /*application='TutorInsights'*/[0m
  [1m[35m (2.3ms)[0m  [1m[35mCREATE TABLE "sessions" ("id" bigserial primary key, "tutor_id" bigint NOT NULL, "student_id" bigint NOT NULL, "scheduled_start_at" timestamp(6), "actual_start_at" timestamp(6), "scheduled_end_at" timestamp(6), "actual_end_at" timestamp(6), "status" character varying, "reschedule_initiator" character varying, "tech_issue" boolean, "first_session_for_student" boolean, "created_at" timestamp(6) NOT NULL, "updated_at" timestamp(6) NOT NULL, CONSTRAINT "fk_rails_dc91b3d7ea"
FOREIGN KEY ("tutor_id")
  REFERENCES "tutors" ("id")
, CONSTRAINT "fk_rails_925087b242"
FOREIGN KEY ("student_id")
  REFERENCES "students" ("id")
) /*application='TutorInsights'*/[0m
  [1m[35m (0.3ms)[0m  [1m[35mCREATE INDEX "index_sessions_on_tutor_id" ON "sessions" ("tutor_id") /*application='TutorInsights'*/[0m
  [1m[35m (0.2ms)[0m  [1m[35mCREATE INDEX "index_sessions_on_student_id" ON "sessions" ("student_id") /*application='TutorInsights'*/[0m
  [1m[35m (0.6ms)[0m  [1m[35mCREATE INDEX "index_sessions_on_tutor_id" ON "sessions" ("tutor_id") /*application='TutorInsights'*/[0m
  [1m[36mTRANSACTION (0.0ms)[0m  [1m[31mROLLBACK /*application='TutorInsights'*/[0m
  [1m[35m (0.1ms)[0m  [1m[34mSELECT pg_advisory_unlock(5566294069690052160) /*application='TutorInsights'*/[0m
  [1m[36mActiveRecord::SchemaMigration Load (0.2ms)[0m  [1m[34mSELECT "schema_migrations"."version" FROM "schema_migrations" ORDER BY "schema_migrations"."version" ASC /*application='TutorInsights'*/[0m
  [1m[36mActiveRecord::SchemaMigration Load (0.2ms)[0m  [1m[34mSELECT "schema_migrations"."version" FROM "schema_migrations" ORDER BY "schema_migrations"."version" ASC /*application='TutorInsights'*/[0m
  [1m[36mActiveRecord::SchemaMigration Load (0.1ms)[0m  [1m[34mSELECT "schema_migrations"."version" FROM "schema_migrations" ORDER BY "schema_migrations"."version" ASC /*application='TutorInsights'*/[0m
  [1m[36mActiveRecord::SchemaMigration Load (0.0ms)[0m  [1m[34mSELECT "schema_migrations"."version" FROM "schema_migrations" ORDER BY "schema_migrations"."version" ASC /*application='TutorInsights'*/[0m
  [1m[35m (0.0ms)[0m  [1m[34mSELECT pg_try_advisory_lock(5566294069690052160) /*application='TutorInsights'*/[0m
  [1m[36mActiveRecord::SchemaMigration Load (0.0ms)[0m  [1m[34mSELECT "schema_migrations"."version" FROM "schema_migrations" ORDER BY "schema_migrations"."version" ASC /*application='TutorInsights'*/[0m
Reverting CreateStudents (20251105070729)
  [1m[36mTRANSACTION (0.0ms)[0m  [1m[35mBEGIN /*application='TutorInsights'*/[0m
  [1m[35m (0.8ms)[0m  [1m[35mDROP TABLE "students" /*application='TutorInsights'*/[0m
  [1m[36mActiveRecord::SchemaMigration Destroy (0.2ms)[0m  [1m[31mDELETE FROM "schema_migrations" WHERE "schema_migrations"."version" = '20251105070729' /*application='TutorInsights'*/[0m
  [1m[36mTRANSACTION (0.7ms)[0m  [1m[35mCOMMIT /*application='TutorInsights'*/[0m
  [1m[35m (0.1ms)[0m  [1m[34mSELECT pg_advisory_unlock(5566294069690052160) /*application='TutorInsights'*/[0m
  [1m[36mActiveRecord::SchemaMigration Load (0.0ms)[0m  [1m[34mSELECT "schema_migrations"."version" FROM "schema_migrations" ORDER BY "schema_migrations"."version" ASC /*application='TutorInsights'*/[0m
  [1m[35m (0.1ms)[0m  [1m[34mSELECT pg_try_advisory_lock(5566294069690052160) /*application='TutorInsights'*/[0m
  [1m[36mActiveRecord::SchemaMigration Load (0.2ms)[0m  [1m[34mSELECT "schema_migrations"."version" FROM "schema_migrations" ORDER BY "schema_migrations"."version" ASC /*application='TutorInsights'*/[0m
  [1m[36mActiveRecord::InternalMetadata Load (0.2ms)[0m  [1m[34mSELECT * FROM "ar_internal_metadata" WHERE "ar_internal_metadata"."key" = 'environment' ORDER BY "ar_internal_metadata"."key" ASC LIMIT 1 /*application='TutorInsights'*/[0m
Migrating to CreateStudents (20251105070729)
  [1m[36mTRANSACTION (0.0ms)[0m  [1m[35mBEGIN /*application='TutorInsights'*/[0m
  [1m[35m (1.8ms)[0m  [1m[35mCREATE TABLE "students" ("id" bigserial primary key, "name" character varying, "email" character varying, "created_at" timestamp(6) NOT NULL, "updated_at" timestamp(6) NOT NULL) /*application='TutorInsights'*/[0m
  [1m[36mActiveRecord::SchemaMigration Create (0.1ms)[0m  [1m[32mINSERT INTO "schema_migrations" ("version") VALUES ('20251105070729') RETURNING "version" /*application='TutorInsights'*/[0m
  [1m[36mTRANSACTION (0.4ms)[0m  [1m[35mCOMMIT /*application='TutorInsights'*/[0m
Migrating to CreateSessions (20251105071010)
  [1m[36mTRANSACTION (0.1ms)[0m  [1m[35mBEGIN /*application='TutorInsights'*/[0m
  [1m[35m (1.8ms)[0m  [1m[35mCREATE TABLE "sessions" ("id" bigserial primary key, "tutor_id" bigint NOT NULL, "student_id" bigint NOT NULL, "scheduled_start_at" timestamp(6), "actual_start_at" timestamp(6), "scheduled_end_at" timestamp(6), "actual_end_at" timestamp(6), "status" character varying, "reschedule_initiator" character varying, "tech_issue" boolean, "first_session_for_student" boolean, "created_at" timestamp(6) NOT NULL, "updated_at" timestamp(6) NOT NULL, CONSTRAINT "fk_rails_dc91b3d7ea"
FOREIGN KEY ("tutor_id")
  REFERENCES "tutors" ("id")
, CONSTRAINT "fk_rails_925087b242"
FOREIGN KEY ("student_id")
  REFERENCES "students" ("id")
) /*application='TutorInsights'*/[0m
  [1m[35m (0.2ms)[0m  [1m[35mCREATE INDEX "index_sessions_on_tutor_id" ON "sessions" ("tutor_id") /*application='TutorInsights'*/[0m
  [1m[35m (0.2ms)[0m  [1m[35mCREATE INDEX "index_sessions_on_student_id" ON "sessions" ("student_id") /*application='TutorInsights'*/[0m
  [1m[35m (0.2ms)[0m  [1m[35mCREATE INDEX "index_sessions_on_tutor_id_and_student_id" ON "sessions" ("tutor_id", "student_id") /*application='TutorInsights'*/[0m
  [1m[36mActiveRecord::SchemaMigration Create (0.1ms)[0m  [1m[32mINSERT INTO "schema_migrations" ("version") VALUES ('20251105071010') RETURNING "version" /*application='TutorInsights'*/[0m
  [1m[36mTRANSACTION (0.1ms)[0m  [1m[35mCOMMIT /*application='TutorInsights'*/[0m
  [1m[35m (0.1ms)[0m  [1m[34mSELECT pg_advisory_unlock(5566294069690052160) /*application='TutorInsights'*/[0m
  [1m[36mActiveRecord::SchemaMigration Load (0.0ms)[0m  [1m[34mSELECT "schema_migrations"."version" FROM "schema_migrations" ORDER BY "schema_migrations"."version" ASC /*application='TutorInsights'*/[0m
  [1m[35m (0.0ms)[0m  [1m[34mSELECT pg_try_advisory_lock(5566294069690052160) /*application='TutorInsights'*/[0m
  [1m[36mActiveRecord::SchemaMigration Load (0.3ms)[0m  [1m[34mSELECT "schema_migrations"."version" FROM "schema_migrations" ORDER BY "schema_migrations"."version" ASC /*application='TutorInsights'*/[0m
  [1m[36mActiveRecord::InternalMetadata Load (0.2ms)[0m  [1m[34mSELECT * FROM "ar_internal_metadata" WHERE "ar_internal_metadata"."key" = 'environment' ORDER BY "ar_internal_metadata"."key" ASC LIMIT 1 /*application='TutorInsights'*/[0m
Migrating to CreateSessionTranscripts (20251105071159)
  [1m[36mTRANSACTION (0.0ms)[0m  [1m[35mBEGIN /*application='TutorInsights'*/[0m
  [1m[35m (2.2ms)[0m  [1m[35mCREATE TABLE "session_transcripts" ("id" bigserial primary key, "session_id" bigint NOT NULL, "payload" jsonb, "created_at" timestamp(6) NOT NULL, "updated_at" timestamp(6) NOT NULL, CONSTRAINT "fk_rails_23858c6baf"
FOREIGN KEY ("session_id")
  REFERENCES "sessions" ("id")
) /*application='TutorInsights'*/[0m
  [1m[35m (0.2ms)[0m  [1m[35mCREATE INDEX "index_session_transcripts_on_session_id" ON "session_transcripts" ("session_id") /*application='TutorInsights'*/[0m
  [1m[36mActiveRecord::SchemaMigration Create (0.1ms)[0m  [1m[32mINSERT INTO "schema_migrations" ("version") VALUES ('20251105071159') RETURNING "version" /*application='TutorInsights'*/[0m
  [1m[36mTRANSACTION (0.2ms)[0m  [1m[35mCOMMIT /*application='TutorInsights'*/[0m
  [1m[35m (0.1ms)[0m  [1m[34mSELECT pg_advisory_unlock(5566294069690052160) /*application='TutorInsights'*/[0m
  [1m[36mActiveRecord::SchemaMigration Load (0.0ms)[0m  [1m[34mSELECT "schema_migrations"."version" FROM "schema_migrations" ORDER BY "schema_migrations"."version" ASC /*application='TutorInsights'*/[0m
